[  000000] Iitling cousubsyscpus
  0.0000Initlingcgro ssys u    0000] Itiizng cousubsycpcct
[   0000] in version 44.-134enic (buddgw01-amd64-033) (gcc version 5.4.0 20160609 (Ubuntu 5.4.0-6ubuntu1~16.04.10) ) #160-Ubuntu SMP Wed Aug 15 14:58:00 UTC 2018 (Ubuntu 4.4.0-134.160-generic 4.4.140)
[    0.000000] Command line: BOOT_IMAGE=/boot/vmlinuz-4.4.0-134-generic root=UUID=3ec145b5-1a89-4631-a69d-550381a63a41 ro console=tty1 console=ttyS0
[    0.000000] KERNEL supported cpus:
[    0.000000]   Intel GenuineIntel
[    0.000000]   AMD AuthenticAMD
[    0.000000]   Centaur CentaurHauls
[    0.000000] x86/fpu: xstate_offset[2]:  576, xstate_sizes[2]:  256
[    0.000000] x86/fpu: Supporting XSAVE feature 0x01: 'x87 floating point regite'
[    0.000000] x8/fpu: Supporting XSAVE feature 0x02: 'SSE registers'
[    0.000000] x86/fpu: Supporting XSAVE feature 0x04: 'AVX registers'
[    0.000000] x86/fpu: Enabled xstate features 0x7, context size is 832 bytes, using 'standard' format.
[    0.000000] e820: BIOS-provided physical RAM mp:
[    0.000000] BIOS-e820: [mem 0x0000000000000000-0x000000000009fbff] usable
[    0.000000] BIOS-e820: [mem 0x000000000009fc00-0x000000000009ffff] reserved
[    0.000000] BIOS-e820: [mem 0x00000000000f0000-0x00000000000fffff] reserved
[   .00000 BS-e8: em 0000000000-0x00000007ffeff] sae
[    0.000000] BIOS-e820: [mem 0x000000007fff0000-0x000000007fffffff] ACPI data
[    0.000000] BIOS-e820: [mem 0x00000000fec00000-0x00000000fec00fff] reserved
[    0.000000] BIOS-e820: [mem 0x00000000fee00000-0x00000000fee00fff] reserved
[    0.000000] BIOS-e820: [mem 0x00000000fffc0000-0x00000000ffffffff] reserved
[    0.000000] NX (Execute Disable) otection: active
[    0.000000] SMBIOS 2.5 present.
[    0.000000] Hypervisor detected: KVM
[    0.000000] e820: last_pfn = 0x7fff0 max_arch_pfn = 0x400000000
[    0.000000] MTRR: Disabled
[    0.000000] x86/PAT: MTRRs disabled, skipping PAT initialization too.
[    0.000000] CPU MTRRs all blank - virtualized system.
[    0.000000] x86/PAT: Configuration [0-7]: WB  WT  UC- UC  WB  WT  UC- UC  
[    0.000000] found SMP MP-table at [mem 0x0009fff0-0x0009ffff] mapped at [ffff88000009fff0]
[    0.000000] Scanning 1 areas for low memory corruption
[    0.000000] RAMDISK: [mem 0x361f0000-0x370effff]
[    0.000000] ACPI: Early table checksum verification disabled
[    0.000000] ACPI: RSDP 0x00000000000E0000 000024 (v02 VBOX  )
[    0.000000] ACPI: XSDT 0x000000007FFF0030 00003C (v01 VBOX   VBOXXSDT 00000001 ASL  00000061)
[    0.000000] ACPI: FACP 0x000000007FFF00F0 0000F4 (v04 VBOX   VBOXFACP 00000001 ASL  00000061)
[    0.000000] ACPI: DSDT 0x000000007FFF0470 0021FF (v02 VBOX   VBOXBIOS 00000002 INTL 20100528)
[    0.0000] PIFACS 0x000000007FFF0200 000040
[    0.000000] ACPI: FACS 0x000000007FFF0200 000040
[    0.000000] ACPI: APIC 0x000000007FFF0240 00005C (v02 VBOX   VBOXAPIC 00000001 ASL  00000061)
[    0.000000] ACPI: SSDT 0x000000007FFF02A0 0001CC (v01 VBOX   VBOXCPUT 00000002 INTL 20100528)
[    0.000000] No NUMA configuration found
[    0.000000] Faking a node at [mem 0x0000000000000000-0x000000007ffeffff]
[    0.000000] NODE_DATA(0) allocated [mem 0x7ffeb000-0x7ffeffff]
[    0.000000] kvm-clock: Using msrs 4b564d01 and 4b564d00
[    0.000000] kvm-clock: cpu 0, msr 0:7ffe3001, primary cpu clock
[    0.000000] kvm-clock: using sched offset of 3279150536 cycles
[    0.000000] clocksource: kvm-clock: mask: 0xffffffffffffffff max_cycles: 0x1cd42e4dffb, max_idle_ns: 881590591483 ns
[    0.000000] Zone ranges:
[    0.000000]   DMA      [mem 0x0000000000001000-0x0000000000ffffff]
[    0.000000]   DMA32    [mem 0x0000000001000000-0x000000007ffeffff]
[    0.000000]   Normal   empty
[    0.000000]   Device   empty
[    0.000000] Movable zone start for each node
[    0.000000] Early memory node ranges
[    0.000000]   node   0: [mem 0x0000000000001000-0x000000000009efff]
[    0.000000]   node   0: [mem 0x0000000000100000-0x000000007ffeffff]
[    0.000000] Initmem setup node 0 [mem 0x0000000000001000-0x000000007ffeffff]
[    0.000000] ACPI: PM-Timer IO Port: 0x4008
[    0.000000] IOAPIC[0]: apic_id 2, version 32, address 0xfec00000, GSI 0-23
[    0.000000] ACPI: INT_SRC_OVR (bus 0 bus_irq 0 global_irq 2 dfl dfl)
[    0.000000] ACPI: INT_SRC_OVR (bus 0 bus_irq 9 global_irq 9 low level)
[    0.000000]sig AC (DT) r P onfiraon ifoaton
  0.00000smoot: Aowng2 CPUs, 0 hotplug CPUs
[    0.000000] PM: Registered nosave memory: [mem 0x00000000-0x00000fff]
[    0.000000] PM: Registered nosave memory: [mem 0x0009f000-0x0009ffff]
[    0.000000] PM: Registered nosave memory: [mem 0x000a0000-0x000effff]
[    0.000000] PM: Registered nosave memory: [mem 0x000f0000-0x000fffff]
[    0.000000] e820: [mem 0x80000000-0xfebfffff] available for PCI devices
[    0.000000] Booting paravirtualized kernel on KVM
[    0.000000] clocksource: refined-jiffies: mask: 0xffffffff max_cycles: 0xffffffff, max_idle_ns: 7645519600211568 ns
[    0.000000] setup_percpu: NR_CPUS:512 nr_cpumask_bits:512 nr_cpu_ids:2 nr_node_ids:1
[    0.000000] PERCPU: Embedded 34 pages/cpu @ffff88007fc00000 s99544 r8192 d31528 u1048576
[    0.000000] PV qspinlock hash table entries: 256 (order: 0, 4096 bytes)
[    0.000000] Built 1 zonelists in Node order, mobility grouping on.  Total pages: 515960
[    0.000000] Policy zone: DMA32
[    0.000000] Kernel command line: BOOT_IMAGE=/boot/vmlinuz-4.4.0-134-generic root=UUID=3ec145b5-1a89-4631-a69d-550381a63a41 ro console=tty1 console=ttyS0
[    0.000000] PID hash table entries: 4096 (order: 3, 32768 bytes)
[    0.000000] Memory: 2029348K/2096696K available (8554K kernel code, 1314K rwdata, 4004K rodata, 1516K init, 1316K bss, 67348K reserved, 0K cma-reserved)
[    0.000000] SLUB: HWalign=64, Order=0-3, MinObjects=0, CPUs=2, Nodes=1
[    0.000000] Kernel/User page tables isolation: enabled
[    0.000000] Hierarchical RCU implementation.
[    0.000000] 	Build-time adjustment of leaf fanout to 64.
[    0.000000] 	RCU restricting CPUs from NR_CPUS=512 to nr_cpu_ids=2.
[    0.000000] RCU: Adjusting geometry for rcu_fanout_leaf=64, nr_cpu_ids=2
[    0.000000] NR_IRQS:33024 nr_irqs:440 16
[    0.000000] Console: colour VGA+ 80x25
[    0.000000] console [tty1] enabled
[    0.000000] console [ttyS0] enabled
[    0.000000] tsc: Detected 3408.002 MHz processor
[    1.894688] Calibrating delay loop (skipped) preset value.. 6816.00 BogoMIPS (lpj=13632008)
[    1.895918] pid_max: default: 32768 minimum: 301
[    1.896581] ACPI: Core revision 20150930
[    1.897896] ACPI: 2 ACPI AML tables successfully acquired and loaded
[    1.898855] Security Framework initialized
[    1.899463] Yama: becoming mindful.
[    1.900016] AppArmor: AppArmor initialized
[    1.901659] Dentry cache hash table entries: 262144 (order: 9, 2097152 bytes)
[    1.902819] Inode-cache hash table entries: 131072 (order: 8, 1048576 bytes)
[    1.904785] Mount-cache hash table entries: 4096 (order: 3, 32768 bytes)
[    1.905775] Mountpoint-cache hash table entries: 4096 (order: 3, 32768 bytes)
[    1.906812] Initializing cgroup subsys io
[    1.907412] Initializing cgroup subsys memory
[    1.908041] Initializing cgroup subsys devices
[    1.908743] Initializing cgroup subsys freezer
[    1.909383] Initializing cgroup subsys net_cls
[    1.910018] Initializing cgroup subsys perf_event
[    1.910701] Initializing cgroup subsys net_prio
[    1.911348] Initializing cgroup subsys hugetlb
[    1.911985] Initializing cgroup subsys pids
[    1.913559] mce: CPU supports 0 MCE banks
[    1.914168] Last level iTLB entries: 4KB 128, 2MB 8, 4MB 8
[    1.914925] Last level dTLB entries: 4KB 64, 2MB 0, 4MB 0, 1GB 4
[    1.915715] Spectre V2 : Mitigation: Full generic retpoline
[    1.916499] Spectre V2 : Speculation control IBPB not-supported IBRS not-supported
[    1.917431] Spectre V2 : Filling RSB on context switch
[    1.918367] Speculative Store Bypass: Vulnerable
[    1.921076] Freeing SMP alternatives memory: 32K
[    1.928959] ftrace: allocating 32266 entries in 127 pages
[    2.081039] smpboot: APIC(0) Converting physical 0 to logical package 0
[    2.097503] smpboot: Max logical packages: 1
[    2.098587] x2apic enabled
[    2.103228] Switched APIC routing to physical x2apic.
[    2.104877] ..TIMER: vector=0x30 apic1=0 pin1=2 apic2=-1 pin2=-1
[    2.214452] APIC calibration not consistent with PM-Timer: 95ms instead of 100ms
[    2.243966] APIC delta adjusted to PM-Timer: 6248832 (5997608)
[    2.244803] smpboot: CPU0: Intel(R) Core(TM) i5-7500 CPU @ 3.40GHz (family: 0x6, model: 0x9e, stepping: 0x9)
[    2.246295] Performance Events: unsupported p6 CPU model 158 no PMU driver, software events only.
[    2.247643] KVM setup paravirtual spinlock
[    2.250029] x86: Booting SMP configuration:
[    2.250811] .... node  #0, CPUs:      #1
[    2.251485] kvm-clock: cpu 1, msr 0:7ffe3041, secondary cpu clock
[    2.252999] mce: CPU supports 0 MCE banks
[    2.255348] x86: Booted up 1 node, 2 CPUs
[    2.256116] smpboot: Total of 2 processors activated (13632.00 BogoMIPS)
[    2.257372] devtmpfs: initialized
[    2.258856] evm: security.selinux
[    2.259389] evm: security.SMACK64
[    2.272692] evm: security.SMACK64EXEC
[    2.273270] evm: security.SMACK64TRANSMUTE
[    2.273879] evm: security.SMACK64MMAP
[    2.274440] evm: security.ima
[    2.312188] evm: security.capability
[    2.312946] clocksource: jiffies: mask: 0xffffffff max_cycles: 0xffffffff, max_idle_ns: 7645041785100000 ns
[    2.314281] futex hash table entries: 512 (order: 3, 32768 bytes)
[    2.315230] pinctrl core: initialized pinctrl subsystem
[    2.316038] RTC time:  9:55:35, date: 08/28/18
[    2.316839] NET: Registered protocol family 16
[    2.329877] cpuidle: using governor ladder
[    2.343122] cpuidle: using governor menu
[    2.344208] PCCT header not found.
[    2.345241] ACPI: bus type PCI registered
[    2.354791] acpiphp: ACPI Hot Plug PCI Controller Driver version: 0.5
[    2.356481] PCI: Using configuration type 1 for base access
[    2.371417] ACPI: Added _OSI(Module Device)
[    2.427949] ACPI: Added _OSI(Processor Device)
[    2.528318] ACPI: Added _OSI(3.0 _SCP Extensions)
[    2.559136] ACPI: Added _OSI(Processor Aggregator Device)
[    2.560500] ACPI: Executed 1 blocks of module-level executable AML code
[    2.563000] ACPI: Interpreter enabled
[    2.563584] ACPI: (supports S0 S5)
[    2.564125] ACPI: Using IOAPIC for interrupt routing
[    2.564939] PCI: Using host bridge windows from ACPI; if necessary, use "pci=nocrs" and report a bug
[    2.568882] ACPI: PCI Root Bridge [PCI0] (domain 0000 [bus 00-ff])
[    2.718010] acpi PNP0A03:00: _OSC: OS supports [ASPM ClockPM Segments MSI]
[    2.777968] acpi PNP0A03:00: _OSC: not requesting OS control; OS requires [ExtendedConfig ASPM ClockPM MSI]
[    2.779521] acpi PNP0A03:00: fail to add MMCONFIG information, can't access extended PCI configuration space under this bridge.
[    2.783491] PCI host bridge to bus 0000:00
[    2.881914] pci_bus 0000:00: root bus resource [io  0x0000-0x0cf7 window]
[    2.932508] pci_bus 0000:00: root bus resource [io  0x0d00-0xffff window]
[    2.966463] pci_bus 0000:00: root bus resource [mem 0x000a0000-0x000bffff window]
[    2.967604] pci_bus 0000:00: root bus resource [mem 0x80000000-0xfdffffff window]
[    2.982465] pci_bus 0000:00: root bus resource [bus 00-ff]
[    2.984441] pci 0000:00:01.1: legacy IDE quirk: reg 0x10: [io  0x01f0-0x01f7]
[    2.985349] pci 0000:00:01.1: legacy IDE quirk: reg 0x14: [io  0x03f6]
[    2.993975] pci 0000:00:01.1: legacy IDE quirk: reg 0x18: [io  0x0170-0x0177]
[    2.994907] pci 0000:00:01.1: legacy IDE quirk: reg 0x1c: [io  0x0376]
[    3.012612] pci 0000:00:07.0: quirk: [io  0x4000-0x403f] claimed by PIIX4 ACPI
[    3.056242] pci 0000:00:07.0: quirk: [io  0x4100-0x410f] claimed by PIIX4 SMB
[    3.063233] ACPI: PCI Interrupt Link [LNKA] (IRQs 5 9 10 *11)
[    3.084887] ACPI: PCI Interrupt Link [LNKB] (IRQs 5 9 *10 11)
[    3.086051] ACPI: PCI Interrupt Link [LNKC] (IRQs 5 *9 10 11)
[    3.087219] ACPI: PCI Interrupt Link [LNKD] (IRQs 5 9 10 *11)
[    3.088408] ACPI: Enabled 2 GPEs in block 00 to 07
[    3.091338] vgaarb: setting as boot device: PCI:0000:00:02.0
[    3.093302] vgaarb: device added: PCI:0000:00:02.0,decodes=io+mem,owns=io+mem,locks=none
[    3.094648] vgaarb: loaded
[    3.097050] vgaarb: bridge control possible 0000:00:02.0
[    3.098388] SCSI subsystem initialized
[    3.106907] ACPI: bus type USB registered
[    3.114060] usbcore: registered new interface driver usbfs
[    3.114902] usbcore: registered new interface driver hub
[    3.132508] usbcore: registered new device driver usb
[    3.133464] PCI: Using ACPI for IRQ routing
[    3.191365] NetLabel: Initializing
[    3.191938] NetLabel:  domain hash size = 128
[    3.192633] NetLabel:  protocols = UNLABELED CIPSOv4
[    3.193344] NetLabel:  unlabeled traffic allowed by default
[    3.194237] amd_nb: Cannot enumerate AMD northbridges
[    3.216971] clocksource: Switched to clocksource kvm-clock
[   .284 AArr:ppAorilysm Enale
[  3780]npPnAC it
[   .133407] pnp: PnP ACPI: found 3 devices

[    4.188440] clocksource: acpi_pm: mask: 0xffffff max_cycles: 0xffffff, max_idle_ns: 2085701024 ns
[    4.448487] NET: Registered protocol family 2
[    4.531964] TCP established hash table entries: 16384 (order: 5, 131072 bytes)
[    4.593897] TCP bind hash table entries: 16384 (order: 6, 262144 bytes)
[    4.648038] TCP: Hash tables configured (established 16384 bind 16384)
[    4.648906] UDP hash table entries: 1024 (order: 3, 32768 bytes)
[    4.691986] UDP-Lite hash table entries: 1024 (order: 3, 32768 bytes)
[    4.785616] NET: Registered protocol family 1
[    4.786261] pci 0000:00:00.0: Limiting direct PCI/PCI transfers
[    4.787089] pci 0000:00:01.0: Activating ISA DMA hang workarounds
[    4.788009] Unpacking initramfs...
[    4.971405] Freeing initrd memory: 15360K
[    4.991702] platform rtc_cmos: registered platform RTC device (no PNP device found)
[    4.992923] Scanning for low memory corruption every 60 seconds
[    5.006740] audit: initializing netlink subsys (disabled)
[    5.007493] audit: type=2000 audit(1535450140.625:1): initialized
[    5.008529] Initialise system trusted keyring
[    5.009401] HugeTLB registered 2 MB page size, pre-allocated 0 pages
[    5.011199] zbud: loaded
[    5.012004] VFS: Disk quotas dquot_6.6.0
[    5.012624] VFS: Dquot-cache hash table entries: 512 (order 0, 4096 bytes)
[    5.013723] squashfs: version 4.0 (2009/01/31) Phillip Lougher
[    5.014899] fuse init (API version 7.23)
[    5.015697] Key type big_key registered
[    5.016302] Allocating IMA MOK and blacklist keyrings.
[    5.018925] Key type asymmetric registered
[    5.019556] Asymmetric key parser 'x509' registered
[    5.020288] Block layer SCSI generic (bsg) driver version 0.4 loaded (major 249)
[    5.021540] io scheduler noop registered
[    5.022139] io scheduler deadline registered (default)
[    5.022877] io scheduler cfq registered
[    5.023523] pci_hotplug: PCI Hot Plug PCI Core version: 0.5
[    5.024282] pciehp: PCI Express Hot Plug Controller Driver version: 0.4
[    5.025350] ACPI: AC Adapter [AC] (on-line)
[    5.026014] input: Power Button as /devices/LNXSYSTM:00/LNXPWRBN:00/input/input0
[    5.027109] ACPI: Power Button [PWRF]
[    5.027747] input: Sleep Button as /devices/LNXSYSTM:00/LNXSLPBN:00/input/input1
[    5.028908] ACPI: Sleep Button [SLPF]
[    5.029734] GHES: HEST is not enabled!
[    5.030476] Serial: 8250/16550 driver, 32 ports, IRQ sharing enabled
[    5.052884] 00:02: ttyS0 at I/O 0x3f8 (irq = 4, base_baud = 115200) is a 16550A
[   5064072] Lnuagarinrfe .1

[    5.444088] loop: module loaded
[    5.445151] scsi host0: ata_piix
[    5.445954] scsi host1: ata_piix
[    5.446511] ata1: PATA max UDMA/33 cmd 0x1f0 ctl 0x3f6 bmdma 0xd000 irq 14
[    5.447392] ata2: PATA max UDMA/33 cmd 0x170 ctl 0x376 bmdma 0xd008 irq 15
[    5.448515] libphy: Fixed MDIO Bus: probed
[    5.449122] tun: Universal TUN/TAP device driver, 1.6
[    5.449831] tun: (C) 1999-2004 Max Krasnyansky <maxk@qualcomm.com>
[    5.451826] PPP generic driver version 2.4.2
[    5.452496] ehci_hcd: USB 2.0 'Enhanced' Host Controller (EHCI) Driver
[    5.453436] ehci-pci: EHCI PCI platform driver
[    5.454084] ehci-platform: EHCI generic platform driver
[    5.454805] ohci_hcd: USB 1.1 'Open' Host Controller (OHCI) Driver
[    5.455644] ohci-pci: OHCI PCI platform driver
[    5.456318] ohci-platform: OHCI generic platform driver
[    5.457039] uhci_hcd: USB Universal Host Controller Interface driver
[    5.463815] i8042: PNP: PS/2 Controller [PNP0303:PS2K,PNP0f03:PS2M] at 0x60,0x64 irq 1,12
[    5.467067] serio: i8042 KBD port at 0x60,0x64 irq 1
[    5.467764] serio: i8042 AUX port at 0x60,0x64 irq 12
[    5.468584] mousedev: PS/2 mouse device common for all mice
[    5.471522] rtc_cmos rtc_cmos: rtc core: registered rtc_cmos as rtc0
[    5.472404] rtc_cmos rtc_cmos: alarms up to one day, 114 bytes nvram
[    5.473285] i2c /dev entries driver
[    5.473941] input: AT Translated Set 2 keyboard as /devices/platform/i8042/serio0/input/input2
[    5.475178] device-mapper: uevent: version 1.0.3
[    5.475952] device-mapper: ioctl: 4.34.0-ioctl (2015-10-28) initialised: dm-devel@redhat.com
[    5.477155] ledtrig-cpu: registered to indicate activity on CPUs
[    5.478571] NET: Registered protocol family 10
[    5.479439] NET: Registered protocol family 17
[    5.480121] Key type dns_resolver registered
[    5.480902] registered taskstats version 1
[    5.481533] Loading compiled-in X.509 certificates
[    5.482680] Loaded X.509 cert 'Build time autogenerated kernel key: 4eb3d024ac16f76c1747ffd474694c84db21038b'
[    5.484150] zswap: loaded using pool lzo/zbud
[    5.493789] Key type trusted registered
[    5.624368] Key type encrypted registered
[    5.691059] AppArmor: AppArmor sha1 policy hashing enabled
[    5.795078] ima: No TPM chip found, activating TPM-bypass!
[    5.812804] ima: Allocated hash algorithm: sha1
[    5.813543] evm: HMAC attrs: 0x1
[    5.814333]   Magic number: 14:959:930
[    5.814992] rtc_cmos rtc_cmos: setting system clock to 2018-08-28 09:55:39 UTC (1535450139)
[    5.816334] BIOS EDD facility v0.16 2004-Jun-25, 0 devices found
[    5.817121] EDD information not available.
[    5.818737] Freeing unused kernel memory: 1516K
[    5.833548] Write protecting the kernel read-only data: 14336k
[    5.929429] Freeing unused kernel memory: 1672K
[    5.937357] Freeing unused kernel memory: 92K
[    5.996894] tsc: Refined TSC clocksource calibration: 3408.703 MHz
[    5.997778] clocksource: tsc: mask: 0xffffffffffffffff max_cycles: 0x31226bec14b, max_idle_ns: 440795287342 ns
Loading, please wait...
starting version[    6.006067] random: systemd-udevd: uninitialized urandom read (16 bytes read, 3 bits of entropy available)
 229
[    6.006497] random: udevadm: uninitialized urandom read (16 bytes read, 3 bits of entropy available)
[    6.006509] random: udevadm: uninitialized urandom read (16 bytes read, 3 bits of entropy available)
[    6.011833] random: udevadm: uninitialized urandom read (16 bytes read, 3 bits of entropy available)
[    6.011864] random: udevadm: uninitialized urandom read (16 bytes read, 3 bits of entropy available)
[    6.011954] random: udevadm: uninitialized urandom read (16 bytes read, 3 bits of entropy available)
[    6.011987] random: udevadm: uninitialized urandom read (16 bytes read, 3 bits of entropy available)
[    6.012020] random: udevadm: uninitialized urandom read (16 bytes read, 3 bits of entropy available)
[    6.012069] random: udevadm: uninitialized urandom read (16 bytes read, 3 bits of entropy available)
[    6.012103] random: udevadm: uninitialized urandom read (16 bytes read, 3 bits of entropy available)
[    6.283012] e1000: Intel(R) PRO/1000 Network Driver - version 7.3.21-k8-NAPI
[    6.351152] e1000: Copyright (c) 1999-2006 Intel Corporation.
[    6.351197] Fusion MPT base driver 3.04.20
[    6.351198] Copyright (c) 1999-2008 LSI Corporation
[    6.464209] Fusion MPT SPI Host driver 3.04.20
[    6.474663] AVX2 version of gcm_enc/dec engaged.
[    6.481666] AES CTR mode by8 optimization enabled
[    6.668054] input: ImExPS/2 Generic Explorer Mouse as /devices/platform/i8042/serio1/input/input4
[    6.968776] e1000 0000:00:03.0 eth0: (PCI:33MHz:32-bit) 02:00:84:9a:cf:24
[    7.133711] e1000 0000:00:03.0 eth0: Intel(R) PRO/1000 Network Connection
[    7.295725] e1000 0000:00:03.0 enp0s3: renamed from eth0
[    7.296715] mptbase: ioc0: Initiating bringup
[    7.361440] ioc0: LSI53C1030 A0: Capabilities={Initiator}
[    7.539896] scsi host2: ioc0: LSI53C1030 A0, FwRev=00000000h, Ports=1, MaxQ=256, IRQ=20
[    7.833585] scsi 2:0:0:0: Direct-Access     VBOX     HARDDISK         1.0  PQ: 0 ANSI: 5
[    7.937108] scsi target2:0:0: Beginning Domain Validation
[    7.939382] scsi target2:0:0: Domain Validation skipping write tests
[    7.940291] scsi target2:0:0: Ending Domain Validation
[    7.941184] scsi target2:0:0: asynchronous
[    7.942085] scsi 2:0:1:0: Direct-Access     VBOX     HARDDISK         1.0  PQ: 0 ANSI: 5
[    7.943255] scsi target2:0:1: Beginning Domain Validation
[    7.952860] scsi target2:0:1: Domain Validation skipping write tests
[    8.505061] scsi target2:0:1: Ending Domain Validation
[    8.505894] scsi target2:0:1: asynchronous
[    8.510939] sd 2:0:0:0: Attached scsi generic sg0 type 0
[    8.513604] sd 2:0:0:0: [sda] 20971520 512-byte logical blocks: (10.7 GB/10.0 GiB)
[    8.514953] sd 2:0:1:0: [sdb] 20480 512-byte logical blocks: (10.5 MB/10.0 MiB)
[    8.516205] sd 2:0:1:0: Attached scsi generic sg1 type 0
[    8.539193] sd 2:0:0:0: [sda] Write Protect is off
[    8.539195] sd 2:0:1:0: [sdb] Write Protect is off
[    8.539336] sd 2:0:1:0: [sdb] Incomplete mode parameter data
[    8.539336] sd 2:0:1:0: [sdb] Assuming drive cache: write through
[    8.543822] sd 2:0:1:0: [sdb] Attached SCSI disk
[    8.550554] sd 2:0:0:0: [sda] Incomplete mode parameter data
[    8.551318] sd 2:0:0:0: [sda] Assuming drive cache: write through
[    8.554283]  sda: sda1
[    8.602493] sd 2:0:0:0: [sda] Attached SCSI disk
Begin: Loading e[    9.892290] md: linear personality registered for level -1
ssential drivers ... [   10.005435] md: multipath personality registered for level -4
[   10.036059] md: raid0 personality registered for level 0
[   10.038820] md: raid1 personality registered for level 1
[   10.169779] raid6: sse2x1   gen() 12939 MB/s
[   10.325838] raid6: sse2x1   xor()  9548 MB/s
[   10.517414] raid6: sse2x2   gen() 14261 MB/s
[   10.609825] raid6: sse2x2   xor() 10713 MB/s
[   10.677555] raid6: sse2x4   gen() 15044 MB/s
[   10.893392] raid6: sse2x4   xor() 11921 MB/s
[   11.001323] raid6: avx2x1   gen() 25765 MB/s
[   11.201550] raid6: avx2x2   gen() 27153 MB/s
[   11.277094] raid6: avx2x4   gen() 30868 MB/s
[   11.277820] raid6: using algorithm avx2x4 gen() 30868 MB/s
[   11.278584] raid6: using avx2x2 recovery algorithm
[   11.280448] xor: automatically using best checksumming function:
[   11.316974]    avx       : 30761.000 MB/sec
[   11.368981] async_tx: api initialized (async)
[   11.506392] md: raid6 personality registered for level 6
[   11.513564] md: raid5 personality registered for level 5
[   11.514410] md: raid4 personality registered for level 4
[   11.587712] md: raid10 personality registered for level 10
done.
Begin: Running /scripts/init-premount ... done.
Begin: Mounting root file system ... Begin: Running /scripts/local-top ... done.
Begin: Running[   11.616900] Btrfs loaded
 /scripts/local-premount ... Sca[   11.738312] EXT4-fs (sda1): mounted filesystem with ordered data mode. Opts: (null)
nning for Btrfs filesystems
done.
Warning: fsck not present, so skipping root file system
done.
Begin: Running /scripts/local-bottom ... done.
Begin: Running /scripts/init-bottom ... done.
[   11.890403] systemd[1]: systemd 229 running in system mode. (+PAM +AUDIT +SELINUX +IMA +APPARMOR +SMACK +SYSVINIT +UTMP +LIBCRYPTSETUP +GCRYPT +GNUTLS +ACL +XZ -LZ4 +SECCOMP +BLKID +ELFUTILS +KMOD -IDN)
[   11.905088] systemd[1]: Detected virtualization oracle.
[   11.905817] systemd[1]: Detected architecture x86-64.

Welcome to [1mUbuntu 16.04.5 LTS[0m!

[   11.910915] systemd[1]: Set hostname to <ubuntu-xenial>.
[   12.061514] systemd[1]: Created slice User and Session Slice.
[[0;32m  OK  [0m] Created slice User and Session Slice.
[   12.063423] systemd[1]: Listening on Journal Socket (/dev/log).
[[0;32m  OK  [0m] Listening on Journal Socket (/dev/log).
[   12.065284] systemd[1]: Listening on LVM2 metadata daemon socket.
[[0;32m  OK  [0m] Listening on LVM2 metadata daemon socket.
[   12.067097] systemd[1]: Started Forward Password Requests to Wall Directory Watch.
[[0;32m  OK  [0m] Started Forward Password Requests to Wall Directory Watch.
[   12.069498] systemd[1]: Created slice System Slice.
[[0;32m  OK  [0m] Created slice System Slice.
[   12.071090] systemd[1]: Listening on udev Kernel Socket.
[[0;32m  OK  [0m] Listening on udev Kernel Socket.
[   12.072753] systemd[1]: Listening on Device-mapper event daemon FIFOs.
[[0;32m  OK  [0m] Listening on Device-mapper event daemon FIFOs.
[   12.074653] systemd[1]: Listening on udev Control Socket.
[[0;32m  OK  [0m] Listening on udev Control Socket.
[   12.076345] systemd[1]: Listening on Journal Socket.
[[0;32m  OK  [0m] Listening on Journal Socket.
[   12.093170] systemd[1]: Starting Monitoring of LVM2 mirrors, snapshots etc. using dmeventd or progress polling...
         Starting Monitoring of LVM2 mirrors... dmeventd or progress polling...
[   12.104215] systemd[1]: Mounting Debug File System...
         Mounting Debug File System...
[   12.106665] systemd[1]: Mounting POSIX Message Queue File System...
         Mounting POSIX Message Queue File System...
[   12.114143] systemd[1]: Starting Remount Root and Kernel File Systems...
         Starting Remount Root and Kernel File Systems...
[   12.117705] systemd[1]: Mounting Huge Pages File System...
         Mounting Huge Pa[   12.123646] EXT4-fs (sda1): re-mounted. Opts: (null)
ges File System...
[   12.131397] systemd[1]: Starting Set console keymap...
         Starting Set console keymap...
[   12.186063] systemd[1]: Created slice system-serial\x2dgetty.slice.
[[0;32m  OK  [0m] Created slice system-serial\x2dgetty.slice.
[   12.191519] systemd[1]: Starting Load Kernel Modules...
[   12.221521] random: nonblocking pool is initialized
         Starting Load Kernel Modules...
[   12.229312] systemd[1]: Reached target Encrypted Volumes.
[[0;32m  OK  [0[   12.348650] Loading iSCSI transport class v2.0-870.
m] Reached target Encrypted Volumes.
[   12.473257] iscsi: registered transport (tcp)
[   12.557052] systemd[1]: Starting Nameserver information manager...
         Starting Nameserver information manager...
[   12.573160] systemd[1]: Reached target System Time Synchronized.
[[0;32m  OK  [0m] Reached target S[   12.602261] iscsi: registered transport (iser)
ystem Time Synchronized.
[   12.626923] systemd[1]: Listening on Syslog Socket.
[[0;32m  OK  [0m] Listening on Syslog Socket.
[   12.628672] systemd[1]: Set up automount Arbitrary Executable File Formats File System Automount Point.
[[0;32m  OK  [0m] Set up automount Arbitrary Executab...ats File System Automount Point.
[   12.632585] systemd[1]: Started Trigger resolvconf update for networkd DNS.
[[0;32m  OK  [0m] Started Trigger resolvconf update for networkd DNS.
[   12.634713] systemd[1]: Listening on Journal Audit Socket.
[[0;32m  OK  [0m] Listening on Journal Audit Socket.
[   12.645282] systemd[1]: Starting Journal Service...
         Starting Journal Service...
[   12.689176] systemd[1]: Reached target Slices.
[[0;32m  OK  [0m] Reached target Slices.
[   12.690861] systemd[1]: Listening on /dev/initctl Compatibility Named Pipe.
[[0;32m  OK  [0m] Listening on /dev/initctl Compatibility Named Pipe.
[   12.693651] systemd[1]: Starting Create list of required static device nodes for the current kernel...
         Starting Create list of required st... nodes for the current kernel...
[   12.696924] systemd[1]: Starting Uncomplicated firewall...
         Starting Uncomplicated firewall...
[ 12450]ysmd1]: Reachedart User and Group Name Lookups.
[[0;32m  OK  [0m] Reached target User and Group Name Lookups.
[   13.108706] systemd[1]: Listening on LVM2 poll daemon socket.
[[0;32m  OK  [0m] Listening on LVM2 poll daemon socket.
[   13.522136] systemd[1]: Mounted POSIX Message Queue File System.
[[0;32m  OK  [0m] Mounted POSIX Message Queue File System.
[   13.599981] systemd[1]: Mounted Huge Pages File System.
[[0;32m  OK  [0m] Mounted Huge Pages File System.
[  13.6695]ysemd[: Mnt Deb Fe st.
[[0;32m  OK  [0m] Mounted Debug File System.
[ 14666]ysmd]:tarted Joualervice.

[[0;32m  OK  [0m] Started Journal Service.
[[0;32m  OK  [0m] Started Remount Root and Kernel File Systems.
[[0;32m  OK  [0m] Started Set console keymap.
[[0;32m  OK  [0m] Started Load Kernel Modules.
[[0;32m  OK  [0m] Started Create list of required sta...ce nodes for the current kernel.
[[0;32m  OK  [0m] Started Uncomplicated firewall.
[[0;32m  OK  [0m] Started Nameserver information manager.
[[0;32m  OK  [0m] Started LVM2 metadata daemon.
         Starting Create Static Device Nodes in /dev...
         Starting Apply Kernel Variables...
         Mounting FUSE Control File System...
         Activating swap /swapfile...
         Starting Load/Save Random Seed...
         Starting udev Coldplug all Devices...
         Starting Flush Journal to Persistent Storage...
[[0;32m  OK  [0m] Mounted FUSE Control File System.
[[0;32m  OK  [0m] Activated swap /swapfile.
[[0;32m  OK  [0m] Started Monitoring of LVM2 mirrors,...ng dmeventd or progress polling.
[[0;32m  OK  [0m] Started Create Static Device Nodes in /dev.
[[0;32m  OK  [0m] Started Apply Kernel Variables.
[[0;32m  OK  [0m] Started Load/Save Random Seed.
[[0;32m  OK  [0m] Started Flush Journal to Persistent Storage.
[[0;32m  OK  [0m] Started udev Coldplug all Devices.
         Starting udev Kernel Device Manager...
[[0;32m  OK  [0m] Reached target Swap.
[[0;32m  OK  [0m] Started udev Kernel Device Manager.
[[0;32m  OK  [0m] Reached target Local File Systems (Pre).
[[0;32m  OK  [0m] Reached target Local File Systems.
         Starting LSB: AppArmor initialization...
         Starting Enable support for additional executable binary formats...
         Starting Create Volatile Files and Directories...
         Starting Set console font and keymap...
         Starting Tell Plymouth To Write Out Runtime Data...
         Starting Initial cloud-init job (pre-networking)...
[[0;32m  OK  [0m] Started Dispatch Password Requests to Console Directory Watch.
[[0;32m  OK  [0m] Started Create Volatile Files and Directories.
[[0;32m  OK  [0m] Started Tell Plymouth To Write Out Runtime Data.
[[0;32m  OK  [0m] Found device /dev/ttyS0.
[[0;32m  OK  [0m] Started LSB: AppArmor initialization.
[[0;32m  OK  [0m] Listening on Load/Save RF Kill Switch Status /dev/rfkill Watch.
         Mounting Arbitrary Executable File Formats File System...
         Starting Update UTMP about System Boot/Shutdown...
[[0;32m  OK  [0m] Mounted Arbitrary Executable File Formats File System.
[[0;32m  OK  [0m] Started Set console font and keymap.
[[0;32m  OK  [0m] Found device 82540EM Gigabit Ethern...r (PRO/1000 MT Desktop Adapter).
[[0;32m  OK  [0m] Created slice system-getty.slice.
[[0;32m  OK  [0m] Started Enable support for additional executable binary formats.
[[0;32m  OK  [0m] Started Update UTMP about System Boot/Shutdown.
[   13.818352] cloud-init[630]: Cloud-init v. 18.3-9-g2e62cb8a-0ubuntu1~16.04.2 running 'init-local' at Tue, 28 Aug 2018 09:55:50 +0000. Up 13.60 seconds.
[[0;32m  OK  [0m] Started Initial cloud-init job (pre-networking).
[[0;32m  OK  [0m] Reached target Network (Pre).
         Starting Raise network interfaces...
[[0;32m  OK  [0m] Started ifup for enp0s3.
[[0;32m  OK  [0m] Started Raise network interfaces.
[[0;32m  OK  [0m] Reached target Network.
         Starting Initial cloud-init job (metadata service crawler)...
[   14.459135] cloud-init[973]: Cloud-init v. 18.3-9-g2e62cb8a-0ubuntu1~16.04.2 running 'init' at Tue, 28 Aug 2018 09:55:50 +0000. Up 14.22 seconds.
[   14.632329] cloud-init[973]: ci-info: ++++++++++++++++++++++++++++++++++++Net device info+++++++++++++++++++++++++++++++++++++
[   14.632543] cloud-init[973]: ci-info: +--------+------+-------------------------+---------------+--------+-------------------+
[   14.632646] cloud-init[973]: ci-info: | Device |  Up  |         Address         |      Mask     | Scope  |     Hw-Address    |
[   14.632754] cloud-init[973]: ci-info: +--------+------+-------------------------+---------------+--------+-------------------+
[   14.632861] cloud-init[973]: ci-info: | enp0s3 | True |        10.0.2.15        | 255.255.255.0 | global | 02:00:84:9a:cf:24 |
[   14.632989] cloud-init[973]: ci-info: | enp0s3 | True | fe80::84ff:fe9a:cf24/64 |       .       |  link  | 02:00:84:9a:cf:24 |
[   14.633087] cloud-init[973]: ci-info: |   lo   | True |        127.0.0.1        |   255.0.0.0   |  host  |         .         |
[   14.633192] cloud-init[973]: ci-info: |   lo   | True |         ::1/128         |       .       |  host  |         .         |
[   14.633300] cloud-init[973]: ci-info: +--------+------+-------------------------+---------------+--------+-------------------+
[   14.633411] cloud-init[973]: ci-info: +++++++++++++++++++++++++++Route IPv4 info++++++++++++++++++++++++++++
[   14.633519] cloud-init[973]: ci-info: +-------+-------------+----------+---------------+-----------+-------+
[   14.633626] cloud-init[973]: ci-info: | Route | Destination | Gateway  |    Genmask    | Interface | Flags |
[   14.633730] cloud-init[973]: ci-info: +-------+-------------+----------+---------------+-----------+-------+
[   14.633838] cloud-init[973]: ci-info: |   0   |   0.0.0.0   | 10.0.2.2 |    0.0.0.0    |   enp0s3  |   UG  |
[   14.633963] cloud-init[973]: ci-info: |   1   |   10.0.2.0  | 0.0.0.0  | 255.255.255.0 |   enp0s3  |   U   |
[   14.634062] cloud-init[973]: ci-info: +-------+-------------+----------+---------------+-----------+-------+
[   14.634166] cloud-init[973]: ci-info: +++++++++++++++++++Route IPv6 info+++++++++++++++++++
[   14.634273] cloud-init[973]: ci-info: +-------+-------------+---------+-----------+-------+
[   14.634382] cloud-init[973]: ci-info: | Route | Destination | Gateway | Interface | Flags |
[   14.634488] cloud-init[973]: ci-info: +-------+-------------+---------+-----------+-------+
[   14.634594] cloud-init[973]: ci-info: |   0   |  fe80::/64  |    ::   |   enp0s3  |   U   |
[   14.634701] cloud-init[973]: ci-info: |   3   |   ff00::/8  |    ::   |   enp0s3  |   U   |
[   14.634808] cloud-init[973]: ci-info: +-------+-------------+---------+-----------+-------+
[[0;32m  OK  [0m] Started Initial cloud-init job (metadata service crawler).
[[0;32m  OK  [0m] Reached target Network is Online.
         Starting iSCSI initiator daemon (iscsid)...
[[0;32m  OK  [0m] Reached target Cloud-config availability.
[[0;32m  OK  [0m] Reached target System Initialization.
[[0;32m  OK  [0m] Started ACPI Events Check.
[[0;32m  OK  [0m] Reached target Paths.
[[0;32m  OK  [0m] Started Daily Cleanup of Temporary Directories.
[[0;32m  OK  [0m] Started Daily apt download activities.
         Starting LXD - unix socket.
[[0;32m  OK  [0m] Listening on D-Bus System Message Bus Socket.
[[0;32m  OK  [0m] Started Daily apt upgrade and clean activities.
         Starting Socket activation for snappy daemon.
[[0;32m  OK  [0m] Listening on UUID daemon activation socket.
[[0;32m  OK  [0m] Reached target Timers.
[[0;32m  OK  [0m] Listening on ACPID Listen Socket.
[[0;32m  OK  [0m] Listening on LXD - unix socket.
[[0;32m  OK  [0m] Listening on Socket activation for snappy daemon.
[[0;32m  OK  [0m] Started iSCSI initiator daemon (iscsid).
         Starting Login to default iSCSI targets...
[[0;32m  OK  [0m] Reached target Sockets.
[[0;32m  OK  [0m] Reached target Basic System.
         Starting Accounts Service...
[[0;32m  OK  [0m] Started X Virtual Frame Buffer Service.
         Starting LSB: Record successful boot for GRUB...
[[0;32m  OK  [0m] Started FUSE filesystem for LXC.
[[0;32m  OK  [0m] Started High-performance, schema-free document-oriented database.
         Starting Disable Transparent Huge Pages...
         Starting Pollinate to seed the pseudo random number generator...
[[0;32m  OK  [0m] Started Deferred execution scheduler.
         Starting Login Service...
         Starting Virtualbox guest utils...
[[0;32m  OK  [0m] Started Regular background program processing daemon.
         Starting LXD - container startup/shutdown...
         Starting /etc/rc.local Compatibility...
[[0;32m  OK  [0m] Started D-Bus System Message Bus.
         Starting System Logging Service...
[[0;32m  OK  [0m] Started Unattended Upgrades Shutdown.
         Starting LSB: MD monitoring daemon...
         Starting Snappy daemon...
[[0;32m  OK  [0m] Started ACPI event daemon.
[[0;32m  OK  [0m] Started System Logging Service.
[[0;32m  OK  [0m] Started LXD - container startup/shutdown.
[[0;32m  OK  [0m] Started /etc/rc.local Compatibility.
[[0;32m  OK  [0m] Started Disable Transparent Huge Pages.
[[0;32m  OK  [0m] Started Login to default iSCSI targets.
[[0;32m  OK  [0m] Started LSB: Record successful boot for GRUB.
[[0;32m  OK  [0m] Started LSB: MD monitoring daemon.
[[0;32m  OK  [0m] Started Virtualbox guest utils.
[[0;32m  OK  [0m] Started Login Service.
[[0;32m  OK  [0m] Started Snappy daemon.
         Starting Wait until snapd is fully seeded...
         Starting Authenticate and Authorize Users to Run Privileged Tasks...
[[0;32m  OK  [0m] Reached target Remote File Systems (Pre).
[[0;32m  OK  [0m] Reached target Remote File Systems.
         Starting LSB: Set the CPU Frequency Scaling governor to "ondemand"...
         Starting LSB: Start NTP daemon...
         Starting LSB: automatic crash report generation...
         Starting LSB: daemon to balance interrupts for SMP systems...
         Starting Permit User Sessions...
[[0;32m  OK  [0m] Started Permit User Sessions.
[[0;32m  OK  [0m] Started Authenticate and Authorize Users to Run Privileged Tasks.
[[0;32m  OK  [0m] Started Wait until snapd is fully seeded.
[[0;32m  OK  [0m] Started Accounts Service.
[[0;32m  OK  [0m] Started LSB: Set the CPU Frequency Scaling governor to "ondemand".
         Starting Apply the settings specified in cloud-config...
         Starting Terminate Plymouth Boot Screen...
         Starting Hold until boot process finishes up...
[[0;32m  OK  [0m] Started LSB: Start NTP daemon.
[[0;32m  OK  [0m] Started LSB: automatic crash report generation.
[[0;32m  OK  [0m] Started LSB: daemon to balance interrupts for SMP systems.
[[0;32m  OK  [0m] Started Terminate Plymouth Boot Screen.
[[0;32m  OK  [0m] Started Hold until boot process finishes up.
[[0;32m  OK  [0m] Started Serial Getty on ttyS0.
[[0;32m  OK  [0m] Started Getty on tty1.
[[0;32m  OK  [0m] Reached target Login Prompts.
         Starting Set console scheme...
[[0;32m  OK  [0m] Started Set console scheme.
[   16.860103] cloud-init[1244]: Cloud-init v. 18.3-9-g2e62cb8a-0ubuntu1~16.04.2 running 'modules:config' at Tue, 28 Aug 2018 09:55:53 +0000. Up 16.76 seconds.
[[0;32m  OK  [0m] Started Pollinate to seed the pseudo random number generator.
[[0;32m  OK  [0m] Started Apply the settings specified in cloud-config.
         Starting OpenBSD Secure Shell server...
[[0;32m  OK  [0m] Started OpenBSD Secure Shell server.
[[0;32m  OK  [0m] Reached target Multi-User System.
         Starting Execute cloud user/final scripts...
[[0;32m  OK  [0m] Reached target Graphical Interface.
         Starting Update UTMP about System Runlevel Changes...
[[0;32m  OK  [0m] Started Update UTMP about System Runlevel Changes.
[[0;32m  OK  [0m] Created slice User Slice of vagrant.
         Starting User Manager for UID 1000...
[[0;32m  OK  [0m] Started Session 1 of user vagrant.
[[0;32m  OK  [0m] Started User Manager for UID 1000.
[   17.247641] cloud-init[1310]: Cloud-init v. 18.3-9-g2e62cb8a-0ubuntu1~16.04.2 running 'modules:final' at Tue, 28 Aug 2018 09:55:53 +0000. Up 17.15 seconds.
[   17.411027] cloud-init[1310]: Cloud-init v. 18.3-9-g2e62cb8a-0ubuntu1~16.04.2 finished at Tue, 28 Aug 2018 09:55:53 +0000. Datasource DataSourceNoCloud [seed=/dev/sdb][dsmode=net].  Up 17.24 seconds
[[0;32m  OK  [0m] Started Execute cloud user/final scripts.
[[0;32m  OK  [0m] Reached target Cloud-init target.

Ubuntu 16.04.5 LTS ubuntu-xenial ttyS0

ubuntu-xenial login: 